\BOOKMARK [1][-]{portada.1}{\376\377\000P\000o\000r\000t\000a\000d\000a}{}% 1
\BOOKMARK [1][-]{firmas.1}{\376\377\000F\000i\000r\000m\000a\000s}{}% 2
\BOOKMARK [1][-]{resumen.1}{\376\377\000R\000e\000s\000u\000m\000e\000n}{}% 3
\BOOKMARK [1][-]{abstract.1}{\376\377\000A\000b\000s\000t\000r\000a\000c\000t}{}% 4
\BOOKMARK [1][-]{agradecimientos.1}{\376\377\000A\000g\000r\000a\000d\000e\000c\000i\000m\000i\000e\000n\000t\000o\000s}{}% 5
\BOOKMARK [0][-]{section*.1}{\376\377\000\315\000n\000d\000i\000c\000e\000\040\000g\000e\000n\000e\000r\000a\000l}{}% 6
\BOOKMARK [0][-]{section*.2}{\376\377\000\315\000n\000d\000i\000c\000e\000\040\000d\000e\000\040\000f\000i\000g\000u\000r\000a\000s}{}% 7
\BOOKMARK [0][-]{section*.3}{\376\377\000\315\000n\000d\000i\000c\000e\000\040\000d\000e\000\040\000f\000o\000t\000o\000g\000r\000a\000f\000\355\000a\000s}{}% 8
\BOOKMARK [0][-]{section*.4}{\376\377\000\315\000n\000d\000i\000c\000e\000\040\000d\000e\000\040\000t\000a\000b\000l\000a\000s}{}% 9
\BOOKMARK [0][-]{section*.5}{\376\377\000\315\000n\000d\000i\000c\000e\000\040\000d\000e\000\040\000l\000i\000s\000t\000a\000d\000o\000s}{}% 10
\BOOKMARK [0][-]{chapter.1}{\376\377\000I\000n\000t\000r\000o\000d\000u\000c\000c\000i\000\363\000n}{}% 11
\BOOKMARK [1][-]{section.1.1}{\376\377\000A\000s\000p\000e\000c\000t\000o\000s\000\040\000g\000e\000n\000e\000r\000a\000l\000e\000s}{chapter.1}% 12
\BOOKMARK [1][-]{section.1.2}{\376\377\000N\000o\000r\000m\000a\000t\000i\000v\000a}{chapter.1}% 13
\BOOKMARK [2][-]{subsection.1.2.1}{\376\377\000A\000N\000M\000A\000T\000:\000\040\000D\000i\000s\000p\000o\000s\000i\000c\000i\000\363\000n\000\040\000N\000.\000\272\000\040\0003\0004\0007\0005\000/\0002\0000\0000\0005}{section.1.2}% 14
\BOOKMARK [2][-]{subsection.1.2.2}{\376\377\000I\000R\000A\000M\000\040\0008\0000\0001\0000\0001\000:\0002\0000\0000\0001}{section.1.2}% 15
\BOOKMARK [2][-]{subsection.1.2.3}{\376\377\000I\000R\000A\000M\000\040\0003\0007\0000\0001\0008\000-\0001\000:\0001\0009\0009\0008\000\040}{section.1.2}% 16
\BOOKMARK [1][-]{section.1.3}{\376\377\000O\000b\000j\000e\000t\000i\000v\000o\000s}{chapter.1}% 17
\BOOKMARK [0][-]{chapter.2}{\376\377\000M\000a\000r\000c\000o\000\040\000t\000e\000\363\000r\000i\000c\000o}{}% 18
\BOOKMARK [1][-]{section.2.1}{\376\377\000C\000o\000n\000s\000i\000d\000e\000r\000a\000c\000i\000o\000n\000e\000s\000\040\000G\000e\000n\000e\000r\000a\000l\000e\000s}{chapter.2}% 19
\BOOKMARK [2][-]{subsection.2.1.1}{\376\377\000E\000s\000t\000r\000u\000c\000t\000u\000r\000a\000\040\000G\000e\000n\000e\000r\000a\000l}{section.2.1}% 20
\BOOKMARK [1][-]{section.2.2}{\376\377\000D\000e\000f\000i\000n\000i\000c\000i\000o\000n\000e\000s}{chapter.2}% 21
\BOOKMARK [2][-]{subsection.2.2.1}{\376\377\000I\000n\000t\000e\000r\000n\000e\000t\000\040\000d\000e\000\040\000l\000a\000s\000\040\000c\000o\000s\000a\000s}{section.2.2}% 22
\BOOKMARK [2][-]{subsection.2.2.2}{\376\377\000T\000e\000l\000e\000g\000r\000a\000m}{section.2.2}% 23
\BOOKMARK [0][-]{chapter.3}{\376\377\000S\000e\000l\000e\000c\000c\000i\000\363\000n\000\040\000d\000e\000\040\000c\000o\000m\000p\000o\000n\000e\000n\000t\000e\000s}{}% 24
\BOOKMARK [1][-]{section.3.1}{\376\377\000S\000e\000n\000s\000o\000r\000\040\000d\000e\000\040\000T\000e\000m\000p\000e\000r\000a\000t\000u\000r\000a\000\040\000y\000\040\000H\000u\000m\000e\000d\000a\000d}{chapter.3}% 25
\BOOKMARK [1][-]{section.3.2}{\376\377\000I\000n\000t\000e\000r\000f\000a\000z\000\040\000d\000e\000\040\000u\000s\000u\000a\000r\000i\000o\000:\000\040\000D\000i\000s\000p\000l\000a\000y}{chapter.3}% 26
\BOOKMARK [1][-]{section.3.3}{\376\377\000M\000i\000c\000r\000o\000c\000o\000n\000t\000r\000o\000l\000a\000d\000o\000r}{chapter.3}% 27
\BOOKMARK [2][-]{subsection.3.3.1}{\376\377\000C\000r\000i\000t\000e\000r\000i\000o\000s\000\040\000d\000e\000\040\000s\000e\000l\000e\000c\000c\000i\000\363\000n}{section.3.3}% 28
\BOOKMARK [2][-]{subsection.3.3.2}{\376\377\000O\000p\000c\000i\000o\000n\000e\000s\000\040\000d\000e\000\040\000m\000i\000c\000r\000o\000c\000o\000n\000t\000r\000o\000l\000a\000d\000o\000r}{section.3.3}% 29
\BOOKMARK [1][-]{section.3.4}{\376\377\000F\000u\000e\000n\000t\000e\000\040\000S\000t\000e\000p\000-\000u\000p}{chapter.3}% 30
\BOOKMARK [1][-]{section.3.5}{\376\377\000S\000i\000s\000t\000e\000m\000a\000\040\000d\000e\000\040\000e\000n\000e\000r\000g\000\355\000a\000\040\000d\000e\000\040\000r\000e\000s\000e\000r\000v\000a}{chapter.3}% 31
\BOOKMARK [2][-]{subsection.3.5.1}{\376\377\000B\000a\000t\000e\000r\000\355\000a}{section.3.5}% 32
\BOOKMARK [2][-]{subsection.3.5.2}{\376\377\000C\000i\000r\000c\000u\000i\000t\000o\000\040\000d\000e\000\040\000c\000a\000r\000g\000a}{section.3.5}% 33
\BOOKMARK [0][-]{chapter.4}{\376\377\000D\000i\000s\000e\000\361\000o\000\040\000d\000e\000\040\000H\000a\000r\000d\000w\000a\000r\000e}{}% 34
\BOOKMARK [1][-]{section.4.1}{\376\377\000L\000E\000D\000s\000,\000\040\000b\000u\000z\000z\000e\000r\000\040\000y\000\040\000p\000u\000l\000s\000a\000d\000o\000r}{chapter.4}% 35
\BOOKMARK [1][-]{section.4.2}{\376\377\000C\000o\000m\000u\000n\000i\000c\000a\000c\000i\000\363\000n\000\040\000I\0002\000C}{chapter.4}% 36
\BOOKMARK [1][-]{section.4.3}{\376\377\000L\000o\000a\000d\000\040\000S\000h\000a\000r\000i\000n\000g}{chapter.4}% 37
\BOOKMARK [1][-]{section.4.4}{\376\377\000E\000s\000q\000u\000e\000m\000\341\000t\000i\000c\000o\000\040\000y\000\040\000P\000C\000B}{chapter.4}% 38
\BOOKMARK [0][-]{chapter.5}{\376\377\000D\000i\000s\000e\000\361\000o\000\040\000d\000e\000\040\000g\000a\000b\000i\000n\000e\000t\000e}{}% 39
\BOOKMARK [1][-]{section.5.1}{\376\377\000T\000a\000p\000a\000\040\000F\000r\000o\000n\000t\000a\000l}{chapter.5}% 40
\BOOKMARK [1][-]{section.5.2}{\376\377\000C\000a\000j\000a}{chapter.5}% 41
\BOOKMARK [1][-]{section.5.3}{\376\377\000B\000o\000t\000\363\000n}{chapter.5}% 42
\BOOKMARK [0][-]{chapter.6}{\376\377\000S\000o\000f\000t\000w\000a\000r\000e}{}% 43
\BOOKMARK [1][-]{section.6.1}{\376\377\000E\000n\000t\000o\000r\000n\000o\000\040\000d\000e\000\040\000d\000e\000s\000a\000r\000r\000o\000l\000l\000o}{chapter.6}% 44
\BOOKMARK [2][-]{subsection.6.1.1}{\376\377\000V\000i\000s\000u\000a\000l\000\040\000S\000t\000u\000d\000i\000o\000\040\000C\000o\000d\000e}{section.6.1}% 45
\BOOKMARK [2][-]{subsection.6.1.2}{\376\377\000P\000l\000a\000t\000f\000o\000r\000m\000I\000O}{section.6.1}% 46
\BOOKMARK [1][-]{section.6.2}{\376\377\000E\000s\000t\000r\000u\000c\000t\000u\000r\000a\000\040\000d\000e\000l\000\040\000p\000r\000o\000g\000r\000a\000m\000a}{chapter.6}% 47
\BOOKMARK [2][-]{subsection.6.2.1}{\376\377\000R\000e\000q\000u\000e\000r\000i\000m\000i\000e\000n\000t\000o\000s\000\040\000d\000e\000\040\000L\000i\000b\000r\000e\000r\000\355\000a\000s}{section.6.2}% 48
\BOOKMARK [1][-]{section.6.3}{\376\377\000I\000n\000i\000c\000i\000a\000l\000i\000z\000a\000c\000i\000\363\000n\000\040\000y\000\040\000c\000o\000n\000f\000i\000g\000u\000r\000a\000c\000i\000\363\000n\000\040\000d\000e\000\040\000E\000/\000S\000\040\000d\000i\000g\000i\000t\000a\000l\000e\000s}{chapter.6}% 49
\BOOKMARK [1][-]{section.6.4}{\376\377\000R\000u\000t\000i\000n\000a\000s\000\040\000d\000e\000\040\000S\000e\000r\000v\000i\000c\000i\000o\000\040\000a\000\040\000l\000a\000\040\000I\000n\000t\000e\000r\000r\000u\000p\000c\000i\000\363\000n\000\040\000\050\000R\000S\000I\000\051}{chapter.6}% 50
\BOOKMARK [2][-]{subsection.6.4.1}{\376\377\000R\000S\000I\000:\000\040\000T\000e\000m\000p\000o\000r\000i\000z\000a\000d\000o\000r}{section.6.4}% 51
\BOOKMARK [2][-]{subsection.6.4.2}{\376\377\000R\000S\000I\000:\000P\000u\000l\000s\000a\000d\000o\000r}{section.6.4}% 52
\BOOKMARK [1][-]{section.6.5}{\376\377\000C\000o\000n\000t\000r\000o\000l\000\040\000y\000\040\000m\000o\000n\000i\000t\000o\000r\000e\000o\000\040\000c\000o\000n\000t\000i\000n\000u\000o}{chapter.6}% 53
\BOOKMARK [1][-]{section.6.6}{\376\377\000A\000t\000e\000n\000c\000i\000\363\000n\000\040\000d\000e\000\040\000c\000o\000n\000s\000u\000l\000t\000a\000s\000\040\000d\000e\000\040\000T\000e\000l\000e\000g\000r\000a\000m}{chapter.6}% 54
\BOOKMARK [2][-]{subsection.6.6.1}{\376\377\000C\000o\000n\000f\000i\000g\000u\000r\000a\000c\000i\000\363\000n\000\040\000d\000e\000\040\000b\000o\000t}{section.6.6}% 55
\BOOKMARK [2][-]{subsection.6.6.2}{\376\377\000R\000u\000t\000i\000n\000a\000\040\000d\000e\000\040\000a\000t\000e\000n\000c\000i\000\363\000n\000\040\000a\000\040\000s\000o\000l\000i\000c\000i\000t\000u\000d\000e\000s}{section.6.6}% 56
\BOOKMARK [1][-]{section.6.7}{\376\377\000O\000p\000t\000i\000m\000i\000z\000a\000c\000i\000\363\000n\000\040\000d\000e\000\040\000e\000n\000e\000r\000g\000\355\000a}{chapter.6}% 57
\BOOKMARK [1][-]{section.6.8}{\376\377\000D\000i\000s\000p\000l\000a\000y}{chapter.6}% 58
\BOOKMARK [0][-]{chapter.7}{\376\377\000R\000e\000s\000u\000l\000t\000a\000d\000o\000s}{}% 59
\BOOKMARK [1][-]{section.7.1}{\376\377\000D\000e\000s\000e\000m\000p\000e\000\361\000o\000\040\000d\000e\000l\000\040\000p\000r\000o\000t\000o\000c\000o\000l\000o\000\040\000I\0002\000C\000\040\000a\000\040\000l\000a\000r\000g\000a\000\040\000d\000i\000s\000t\000a\000n\000c\000i\000a}{chapter.7}% 60
\BOOKMARK [2][-]{subsection.7.1.1}{\376\377\000D\000e\000t\000e\000r\000m\000i\000n\000a\000c\000i\000\363\000n\000\040\000d\000e\000l\000\040\000t\000r\000\040\000y\000\040\000t\000f\000\040\000d\000e\000l\000\040\000b\000u\000s}{section.7.1}% 61
\BOOKMARK [1][-]{section.7.2}{\376\377\000A\000u\000t\000o\000n\000o\000m\000\355\000a\000\040\000d\000e\000l\000\040\000s\000i\000s\000t\000e\000m\000a}{chapter.7}% 62
\BOOKMARK [2][-]{subsection.7.2.1}{\376\377\000C\000o\000n\000s\000u\000m\000o\000\040\000d\000e\000\040\000c\000o\000r\000r\000i\000e\000n\000t\000e\000\040\000d\000u\000r\000a\000n\000t\000e\000\040\000e\000l\000\040\000m\000o\000d\000o\000\040\000d\000e\000\040\000s\000u\000s\000p\000e\000n\000s\000i\000\363\000n}{section.7.2}% 63
\BOOKMARK [2][-]{subsection.7.2.2}{\376\377\000E\000n\000s\000a\000y\000o\000\040\000d\000e\000\040\000m\000o\000n\000i\000t\000o\000r\000e\000o\000\040\000d\000e\000\040\000t\000e\000n\000s\000i\000\363\000n}{section.7.2}% 64
\BOOKMARK [1][-]{section.7.3}{\376\377\000D\000i\000s\000e\000\361\000o\000\040\000y\000\040\000e\000l\000a\000b\000o\000r\000a\000c\000i\000\363\000n\000\040\000d\000e\000\040\000l\000a\000\040\000p\000r\000i\000m\000e\000r\000a\000\040\000v\000e\000r\000s\000i\000\363\000n\000\040\000d\000e\000l\000\040\000p\000r\000o\000t\000o\000t\000i\000p\000o}{chapter.7}% 65
\BOOKMARK [2][-]{subsection.7.3.1}{\376\377\000D\000i\000s\000e\000\361\000o\000\040\000d\000e\000\040\000P\000C\000B\000\040\000y\000\040\000m\000o\000n\000t\000a\000j\000e}{section.7.3}% 66
\BOOKMARK [2][-]{subsection.7.3.2}{\376\377\000I\000n\000t\000e\000r\000f\000a\000z\000\040\000d\000e\000\040\000T\000e\000l\000e\000g\000r\000a\000m}{section.7.3}% 67
\BOOKMARK [1][-]{section.7.4}{\376\377\000D\000i\000s\000e\000\361\000o\000\040\000y\000\040\000e\000l\000a\000b\000o\000r\000a\000c\000i\000\363\000n\000\040\000d\000e\000\040\000l\000a\000\040\000v\000e\000r\000s\000i\000\363\000n\000\040\000f\000i\000n\000a\000l}{chapter.7}% 68
\BOOKMARK [2][-]{subsection.7.4.1}{\376\377\000E\000l\000a\000b\000o\000r\000a\000c\000i\000\363\000n\000\040\000y\000\040\000d\000i\000s\000e\000\361\000o\000\040\000d\000e\000l\000\040\000P\000C\000B}{section.7.4}% 69
\BOOKMARK [2][-]{subsection.7.4.2}{\376\377\000E\000l\000a\000b\000o\000r\000a\000c\000i\000\363\000n\000\040\000y\000\040\000d\000i\000s\000e\000\361\000o\000\040\000d\000e\000l\000\040\000g\000a\000b\000i\000n\000e\000t\000e}{section.7.4}% 70
\BOOKMARK [0][-]{chapter.8}{\376\377\000C\000o\000n\000c\000l\000u\000s\000i\000o\000n\000e\000s}{}% 71
\BOOKMARK [0][-]{section*.80}{\376\377\000B\000i\000b\000l\000i\000o\000g\000r\000a\000f\000\355\000a}{}% 72
\BOOKMARK [0][-]{appendix.Alph1}{\376\377\000C\000r\000e\000a\000c\000i\000\363\000n\000\040\000d\000e\000\040\000b\000o\000t\000\040\000e\000n\000\040\000T\000e\000l\000e\000g\000r\000a\000m}{}% 73
\BOOKMARK [0][-]{appendix.Alph2}{\376\377\000G\000a\000b\000i\000n\000e\000t\000e\000:\000\040\000D\000i\000m\000e\000n\000s\000i\000o\000n\000e\000s}{}% 74
